a
about
above
across
after
afterwards
again
against
all
almost
alone
along
already
also
although
always
am
among
amongst
amount
an
and
another
any
anyhow
anyone
anything
anyway
anywhere
are
around
as
at
back
be
became
because
become
becomes
becoming
been
before
beforehand
behind
being
below
beside
besides
between
beyond
bill
both
bottom
but
by
call
can
cannot
cant
can't
computer
could
couldnt
couldn't
cry
describe
detail
do
did
done
don't
down
due
during
each
eight
either
eleven
else
elsewhere
empty
enough
etc
even
ever
every
everyone
everything
everywhere
except
few
fifteen
fifty
fill
find
fire
first
five
for
former
formerly
forty
found
four
from
front
full
further
get
give
go
had
has
hasnt
hasn't
have
haven't
he
hence
her
here
hereafter
hereby
herein
hereupon
hers
herself
him
himself
his
how
however
hundred
i
if
in
indeed
interest
into
I'm
is
it
its
it's
itself
keep
last
latter
latterly
least
less
made
many
may
me
meanwhile
might
mill
mine
more
moreover
most
mostly
move
much
must
my
myself
name
namely
neither
never
nevertheless
next
nine
no
nobody
none
noone
nor
not
nothing
now
nowhere
of
off
often
on
once
one
only
onto
or
other
others
otherwise
our
ours
ourselves
out
over
own
part
per
perhaps
please
put
rather
re
same
see
seem
seemed
seeming
seems
serious
several
she
should
shouldn't
show
side
since
sincere
six
sixty
so
some
somehow
someone
something
sometime
sometimes
somewhere
still
such
system
take
ten
than
that
the
their
them
themselves
then
thence
there
thereafter
thereby
therefore
therein
thereupon
these
they
thick
thin
third
this
those
though
three
through
throughout
thru
thus
to
together
too
top
toward
towards
twelve
twenty
two
under
until
up
upon
us
very
via
was
wasn't
we
we're
well
were
what
whatever
when
whence
whenever
where
whereafter
whereas
whereby
wherein
whereupon
wherever
whether
which
while
who
whoever
whole
whom
whose
why
will
with
within
without
would
yet
you
your
you're
yours
yourself
yourselves